  ConsoleApplication1.cpp
c:\users\sl\desktop\compgraph\12\1\1\consoleapplication1\consoleapplication1.cpp(213): warning C4018: <: несоответствие типов со знаком и без знака
c:\users\sl\desktop\compgraph\12\1\1\consoleapplication1\consoleapplication1.cpp(235): warning C4244: =: преобразование "double" в "float", возможна потеря данных
c:\users\sl\desktop\compgraph\12\1\1\consoleapplication1\consoleapplication1.cpp(236): warning C4244: =: преобразование "double" в "float", возможна потеря данных
c:\users\sl\desktop\compgraph\12\1\1\consoleapplication1\consoleapplication1.cpp(237): warning C4244: =: преобразование "double" в "float", возможна потеря данных
c:\users\sl\desktop\compgraph\12\1\1\consoleapplication1\consoleapplication1.cpp(247): warning C4244: =: преобразование "double" в "float", возможна потеря данных
c:\users\sl\desktop\compgraph\12\1\1\consoleapplication1\consoleapplication1.cpp(248): warning C4244: =: преобразование "double" в "float", возможна потеря данных
c:\users\sl\desktop\compgraph\12\1\1\consoleapplication1\consoleapplication1.cpp(249): warning C4244: =: преобразование "double" в "float", возможна потеря данных
c:\users\sl\desktop\compgraph\12\1\1\consoleapplication1\consoleapplication1.cpp(259): warning C4244: =: преобразование "double" в "float", возможна потеря данных
c:\users\sl\desktop\compgraph\12\1\1\consoleapplication1\consoleapplication1.cpp(260): warning C4244: =: преобразование "double" в "float", возможна потеря данных
c:\users\sl\desktop\compgraph\12\1\1\consoleapplication1\consoleapplication1.cpp(261): warning C4244: =: преобразование "double" в "float", возможна потеря данных
c:\users\sl\desktop\compgraph\12\1\1\consoleapplication1\consoleapplication1.cpp(271): warning C4244: =: преобразование "double" в "float", возможна потеря данных
c:\users\sl\desktop\compgraph\12\1\1\consoleapplication1\consoleapplication1.cpp(272): warning C4244: =: преобразование "double" в "float", возможна потеря данных
c:\users\sl\desktop\compgraph\12\1\1\consoleapplication1\consoleapplication1.cpp(273): warning C4244: =: преобразование "double" в "float", возможна потеря данных
c:\users\sl\desktop\compgraph\12\1\1\consoleapplication1\consoleapplication1.cpp(277): warning C4018: <: несоответствие типов со знаком и без знака
c:\users\sl\desktop\compgraph\12\1\1\consoleapplication1\consoleapplication1.cpp(474): warning C4244: /=: преобразование "double" в "GLfloat", возможна потеря данных
c:\users\sl\desktop\compgraph\12\1\1\consoleapplication1\consoleapplication1.cpp(528): warning C4065: оператор switch содержит метку "default", но не содержит ни одной метки "case"
  SOIL.lib(SOIL.obj) : найден .netmodule MSIL или модуль, откомпилированный с параметром /GL; перезапускается компоновка с параметром /LTCG; добавьте /LTCG в командную строку компоновки для повышения производительности компоновщика
LINK : warning LNK4075: 
LINK : warning LNK4098: 
  
  
  ConsoleApplication1.vcxproj -> C:\Users\sl\Desktop\compgraph\12\1\1\Debug\ConsoleApplication1.exe
