C:\Program Files (x86)\Microsoft Visual Studio\2017\Community\Common7\IDE\VC\VCTargets\Microsoft.CppBuild.targets(391,5): warning MSB8028: промежуточный каталог (Debug\) содержит файлы, которые используются совместно с другим проектом (ConsoleApplication1.vcxproj, ConsoleApplication1.vcxproj).  Это может привести к ошибкам очистки и перестроения.
  ConsoleApplication1.cpp
c:\users\sl\desktop\compgraph\12\1\3\consoleapplication1\consoleapplication1.cpp(282): warning C4018: <: несоответствие типов со знаком и без знака
c:\users\sl\desktop\compgraph\12\1\3\consoleapplication1\consoleapplication1.cpp(304): warning C4244: =: преобразование "double" в "float", возможна потеря данных
c:\users\sl\desktop\compgraph\12\1\3\consoleapplication1\consoleapplication1.cpp(305): warning C4244: =: преобразование "double" в "float", возможна потеря данных
c:\users\sl\desktop\compgraph\12\1\3\consoleapplication1\consoleapplication1.cpp(306): warning C4244: =: преобразование "double" в "float", возможна потеря данных
c:\users\sl\desktop\compgraph\12\1\3\consoleapplication1\consoleapplication1.cpp(316): warning C4244: =: преобразование "double" в "float", возможна потеря данных
c:\users\sl\desktop\compgraph\12\1\3\consoleapplication1\consoleapplication1.cpp(317): warning C4244: =: преобразование "double" в "float", возможна потеря данных
c:\users\sl\desktop\compgraph\12\1\3\consoleapplication1\consoleapplication1.cpp(318): warning C4244: =: преобразование "double" в "float", возможна потеря данных
c:\users\sl\desktop\compgraph\12\1\3\consoleapplication1\consoleapplication1.cpp(328): warning C4244: =: преобразование "double" в "float", возможна потеря данных
c:\users\sl\desktop\compgraph\12\1\3\consoleapplication1\consoleapplication1.cpp(329): warning C4244: =: преобразование "double" в "float", возможна потеря данных
c:\users\sl\desktop\compgraph\12\1\3\consoleapplication1\consoleapplication1.cpp(330): warning C4244: =: преобразование "double" в "float", возможна потеря данных
c:\users\sl\desktop\compgraph\12\1\3\consoleapplication1\consoleapplication1.cpp(340): warning C4244: =: преобразование "double" в "float", возможна потеря данных
c:\users\sl\desktop\compgraph\12\1\3\consoleapplication1\consoleapplication1.cpp(341): warning C4244: =: преобразование "double" в "float", возможна потеря данных
c:\users\sl\desktop\compgraph\12\1\3\consoleapplication1\consoleapplication1.cpp(342): warning C4244: =: преобразование "double" в "float", возможна потеря данных
c:\users\sl\desktop\compgraph\12\1\3\consoleapplication1\consoleapplication1.cpp(346): warning C4018: <: несоответствие типов со знаком и без знака
c:\users\sl\desktop\compgraph\12\1\3\consoleapplication1\consoleapplication1.cpp(491): warning C4305: аргумент: усечение из "double" в "GLfloat"
c:\users\sl\desktop\compgraph\12\1\3\consoleapplication1\consoleapplication1.cpp(590): warning C4244: /=: преобразование "double" в "GLfloat", возможна потеря данных
c:\users\sl\desktop\compgraph\12\1\3\consoleapplication1\consoleapplication1.cpp(644): warning C4065: оператор switch содержит метку "default", но не содержит ни одной метки "case"
  SOIL.lib(SOIL.obj) : найден .netmodule MSIL или модуль, откомпилированный с параметром /GL; перезапускается компоновка с параметром /LTCG; добавьте /LTCG в командную строку компоновки для повышения производительности компоновщика
LINK : warning LNK4075: 
LINK : warning LNK4098: 
  
  
  ConsoleApplication1.vcxproj -> C:\Users\sl\Desktop\compgraph\12\1\3\Debug\ConsoleApplication1.exe
